<?xml version="1.0" encoding="UTF-8"?>
<testng-results ignored="0" total="3" passed="2" failed="1" skipped="0">
  <reporter-output>
  </reporter-output>
  <suite started-at="2023-03-04T17:17:55 CET" name="Suite" finished-at="2023-03-04T17:18:39 CET" duration-ms="44148">
    <groups>
    </groups>
    <test started-at="2023-03-04T17:17:55 CET" name="Test" finished-at="2023-03-04T17:18:39 CET" duration-ms="44148">
      <class name="testcases.LoginTest">
        <test-method is-config="true" signature="SetUp()[pri:0, instance:testcases.LoginTest@696da30b]" started-at="2023-03-04T17:17:55 CET" name="SetUp" finished-at="2023-03-04T17:17:59 CET" duration-ms="3837" status="PASS">
          <reporter-output>
          </reporter-output>
        </test-method> <!-- SetUp -->
        <test-method signature="LogiFailureTest()[pri:0, instance:testcases.LoginTest@696da30b]" started-at="2023-03-04T17:17:59 CET" name="LogiFailureTest" finished-at="2023-03-04T17:18:11 CET" duration-ms="12423" status="FAIL">
          <exception class="java.lang.AssertionError">
            <message>
              <![CDATA[expected [New message] but found [The email or password you have entered is invalid.]]]>
            </message>
            <full-stacktrace>
              <![CDATA[java.lang.AssertionError: expected [New message] but found [The email or password you have entered is invalid.]
at org.testng.Assert.fail(Assert.java:99)
at org.testng.Assert.failNotEquals(Assert.java:1037)
at org.testng.Assert.assertEqualsImpl(Assert.java:140)
at org.testng.Assert.assertEquals(Assert.java:122)
at org.testng.Assert.assertEquals(Assert.java:629)
at org.testng.Assert.assertEquals(Assert.java:639)
at testcases.LoginTest.LogiFailureTest(LoginTest.java:30)
at java.base/jdk.internal.reflect.NativeMethodAccessorImpl.invoke0(Native Method)
at java.base/jdk.internal.reflect.NativeMethodAccessorImpl.invoke(NativeMethodAccessorImpl.java:77)
at java.base/jdk.internal.reflect.DelegatingMethodAccessorImpl.invoke(DelegatingMethodAccessorImpl.java:43)
at java.base/java.lang.reflect.Method.invoke(Method.java:568)
at org.testng.internal.MethodInvocationHelper.invokeMethod(MethodInvocationHelper.java:133)
at org.testng.internal.TestInvoker.invokeMethod(TestInvoker.java:598)
at org.testng.internal.TestInvoker.invokeTestMethod(TestInvoker.java:173)
at org.testng.internal.MethodRunner.runInSequence(MethodRunner.java:46)
at org.testng.internal.TestInvoker$MethodInvocationAgent.invoke(TestInvoker.java:824)
at org.testng.internal.TestInvoker.invokeTestMethods(TestInvoker.java:146)
at org.testng.internal.TestMethodWorker.invokeTestMethods(TestMethodWorker.java:146)
at org.testng.internal.TestMethodWorker.run(TestMethodWorker.java:128)
at java.base/java.util.concurrent.ThreadPoolExecutor.runWorker(ThreadPoolExecutor.java:1136)
at java.base/java.util.concurrent.ThreadPoolExecutor$Worker.run(ThreadPoolExecutor.java:635)
at java.base/java.lang.Thread.run(Thread.java:833)
]]>
            </full-stacktrace>
          </exception> <!-- java.lang.AssertionError -->
          <reporter-output>
          </reporter-output>
        </test-method> <!-- LogiFailureTest -->
        <test-method is-config="true" signature="QuitBrowser()[pri:0, instance:testcases.LoginTest@696da30b]" started-at="2023-03-04T17:18:11 CET" name="QuitBrowser" finished-at="2023-03-04T17:18:11 CET" duration-ms="215" status="PASS">
          <reporter-output>
          </reporter-output>
        </test-method> <!-- QuitBrowser -->
        <test-method is-config="true" signature="SetUp()[pri:0, instance:testcases.LoginTest@696da30b]" started-at="2023-03-04T17:18:11 CET" name="SetUp" finished-at="2023-03-04T17:18:14 CET" duration-ms="2899" status="PASS">
          <reporter-output>
          </reporter-output>
        </test-method> <!-- SetUp -->
        <test-method signature="LoginSuccessTest()[pri:0, instance:testcases.LoginTest@696da30b]" started-at="2023-03-04T17:18:14 CET" name="LoginSuccessTest" finished-at="2023-03-04T17:18:25 CET" duration-ms="10511" status="PASS">
          <reporter-output>
          </reporter-output>
        </test-method> <!-- LoginSuccessTest -->
        <test-method is-config="true" signature="QuitBrowser()[pri:0, instance:testcases.LoginTest@696da30b]" started-at="2023-03-04T17:18:25 CET" name="QuitBrowser" finished-at="2023-03-04T17:18:25 CET" duration-ms="182" status="PASS">
          <reporter-output>
          </reporter-output>
        </test-method> <!-- QuitBrowser -->
        <test-method is-config="true" signature="SetUp()[pri:0, instance:testcases.LoginTest@696da30b]" started-at="2023-03-04T17:18:25 CET" name="SetUp" finished-at="2023-03-04T17:18:27 CET" duration-ms="2355" status="PASS">
          <reporter-output>
          </reporter-output>
        </test-method> <!-- SetUp -->
        <test-method signature="LoginTest12()[pri:0, instance:testcases.LoginTest@696da30b]" started-at="2023-03-04T17:18:27 CET" name="LoginTest12" finished-at="2023-03-04T17:18:39 CET" duration-ms="11480" status="PASS">
          <reporter-output>
          </reporter-output>
        </test-method> <!-- LoginTest12 -->
        <test-method is-config="true" signature="QuitBrowser()[pri:0, instance:testcases.LoginTest@696da30b]" started-at="2023-03-04T17:18:39 CET" name="QuitBrowser" finished-at="2023-03-04T17:18:39 CET" duration-ms="193" status="PASS">
          <reporter-output>
          </reporter-output>
        </test-method> <!-- QuitBrowser -->
      </class> <!-- testcases.LoginTest -->
    </test> <!-- Test -->
  </suite> <!-- Suite -->
</testng-results>
